android/build/intermediates/manifest_merge_blame_file/debug/manifest-merger-blame-debug-report.txt
1<?xml version="1.0" encoding="utf-8"?>
2<manifest xmlns:android="http://schemas.android.com/apk/res/android"
3    package="com.alex.game"
4    android:versionCode="1"
5    android:versionName="1.0" >
6
7    <uses-sdk
8        android:minSdkVersion="19"
9        android:targetSdkVersion="34" />
10
11    <uses-feature
11-->M8WebSocket/android/AndroidManifest.xml:5:5-78
12        android:glEsVersion="0x00020000"
12-->M8WebSocket/android/AndroidManifest.xml:5:19-51
13        android:required="true" />
13-->M8WebSocket/android/AndroidManifest.xml:5:52-75
14
15    <uses-permission android:name="android.permission.INTERNET" />
15-->M8WebSocket/android/AndroidManifest.xml:6:5-67
15-->M8WebSocket/android/AndroidManifest.xml:6:22-64
16    <uses-permission android:name="android.permission.ACCESS_NETWORK_STATE" />
16-->M8WebSocket/android/AndroidManifest.xml:7:5-79
16-->M8WebSocket/android/AndroidManifest.xml:7:22-76
17
18    <application
18-->M8WebSocket/android/AndroidManifest.xml:8:5-29:19
19        android:allowBackup="true"
19-->M8WebSocket/android/AndroidManifest.xml:9:9-35
20        android:appCategory="game"
20-->M8WebSocket/android/AndroidManifest.xml:13:9-35
21        android:debuggable="true"
22        android:extractNativeLibs="true"
23        android:fullBackupContent="true"
23-->M8WebSocket/android/AndroidManifest.xml:10:9-41
24        android:icon="@drawable/ic_launcher"
24-->M8WebSocket/android/AndroidManifest.xml:11:9-45
25        android:isGame="true"
25-->M8WebSocket/android/AndroidManifest.xml:12:9-30
26        android:label="@string/app_name"
26-->M8WebSocket/android/AndroidManifest.xml:14:9-41
27        android:testOnly="true"
28        android:theme="@style/AppTheme" >
28-->M8WebSocket/android/AndroidManifest.xml:15:9-40
29        <activity
29-->M8WebSocket/android/AndroidManifest.xml:17:9-28:20
30            android:name="com.alex.game.AndroidLauncher"
30-->M8WebSocket/android/AndroidManifest.xml:18:13-57
31            android:configChanges="keyboard|keyboardHidden|navigation|orientation|screenSize|screenLayout"
31-->M8WebSocket/android/AndroidManifest.xml:22:13-107
32            android:exported="true"
32-->M8WebSocket/android/AndroidManifest.xml:23:13-36
33            android:label="@string/app_name"
33-->M8WebSocket/android/AndroidManifest.xml:19:13-45
34            android:screenOrientation="portrait" >
34-->M8WebSocket/android/AndroidManifest.xml:20:13-49
35            <intent-filter>
35-->M8WebSocket/android/AndroidManifest.xml:24:13-27:29
36                <action android:name="android.intent.action.MAIN" />
36-->M8WebSocket/android/AndroidManifest.xml:25:17-69
36-->M8WebSocket/android/AndroidManifest.xml:25:25-66
37
38                <category android:name="android.intent.category.LAUNCHER" />
38-->M8WebSocket/android/AndroidManifest.xml:26:17-77
38-->M8WebSocket/android/AndroidManifest.xml:26:27-74
39            </intent-filter>
40        </activity>
41    </application>
42
43</manifest>